DynamicArray.exe
structure.exe
syntax.exe
callingConvention.exe
demo.exe
envp.exe
format_specifier.exe
NumToText.exe
File Handling.exe
MyStringFunctions.exe
code1.exe
code2.exe
odd_even.exe
sign.exe
snnipets1.exe
Dangling.exe
Dereferance.exe
Polynomial.exe
Polynomial.exe
Sorting.exe
Graph_By_Mayuri.exe
Statement Reading Implimentaion.exe
file1.exe
scope.exe
snippets.exe
String.exe
linkedlist.exe
nested.exe
struct.exe
C++_Calculator.exe
C_Calculator.exe
Constant_.exe
Downcasting.exe
Dynamic_Memory_Allocation.exe
Exception Handling.exe
Exception Handling.exe
File_Handling.exe
Friend.exe
accessSecifire.exe
Ass1.exe
Constructor.exe
static.exe
virtual.exe
Object_Slicing.exe
operator_overloading.exe
Runtime_Polymorphism.exe
snippets.exe
BinarySearchTree.exe
Doubly_Linked_List.exe
GenerateBST.exe
PriorityQueue.exe
Singly_Circular_Linked_List.exe
Singly_Linked_List.exe
Singly_Linked_List.exe
LinkedList.exe
SinglyLinkedList.exe
cdemo.exe
demo.exe
string.exe
virtual.exe
Array.exe
Ass1_1.exe
Assignment1_Question2.exe
File Handling.exe
FileHandling.exe
operator.exe
string.exe
MessegeBox.exe
DoublyLinkedList.exe
DoublyLinkedList.exe
Graph.exe
graph_v_2.0.exe
graph_v_2.0.exe
graph_v_2.0.exe
LinkedList.exe
Queue.exe
Queue.exe
SinglyLinkedList.exe
SinglyCircular.exe
SinglyLinkedList.exe
Sorting.exe
sorting.exe
Stack.exe
Stack.exe
String.exe
ASCII.exe
GENERIC.exe
UNICODE.exe
UNICODE.exe
Defragmentation.exe
Defragmentation.exe
Defragmentation.exe
Graph 1.0.exe
Graph 1.0.exe
Graph 1.0.exe
Graph_4.0.exe
Graph_2.0.exe
Graph_2.0.exe
Graph_3.0.exe
Graph_3.0.exe
Graph_3.0.exe
Graph_4.0.exe
Graph_5.0.exe
Graph_5.0.exe
Graph_6.0.exe
Graph_6.0.exe
Graph_7.0.exe
Graph_8.0.exe
Graph_1.0.exe
Graph_1.0.exe
Graph_2.0.exe
Graph_2.0.exe
Graph_3.0.exe
Graph_3.0.exe
Graph_3.0.exe
Logger.exe
Tree_1.0.exe
addr.exe
copy.exe
input.exe
output.exe
unlinkedFile.exe
Task10.exe
Task10.exe
TASK11.exe
Task11.exe
Task13.exe
Task13.exe
Task14.exe
BasicDrawingOfShapesOnWindow.exe
Task15.exe
Task16.exe
Task16.exe
Task17.exe
Task18.exe
Task19(Part_01).exe
Task19(Part_01).exe
Task19(Part_02).exe
Task19(Part_02).exe
Task19(Part_03).exe
Task2_(part1).exe
Task2_(part1).exe
Task2_(part2).exe
Task2_(part2).exe
Task20(Part_01).exe
Task20(Part_02).exe
Task20(Part_03).exe
Task20(Part_04).exe
Task20(Part_04).exe
Task21.exe
Task21.exe
Task22.exe
Task22.exe
Task23.exe
Task24.exe
Task24.exe
Task25.exe
Task25.exe
Task26.exe
Task26.exe
Task26(Part_02).exe
Task26(Part_02).exe
Task27.exe
Task27.exe
Task28.exe
Task29(Version 1).exe
Task29.exe
Task29(Version 1).exe
Task3(part 2).exe
Task3(part 2).exe
Task3(part1).exe
Task3(part1).exe
Task 42.exe
Task 42 _(version-1).exe
Task 42.exe
Task_51_(Part_1).exe
Task_51_(Part_1).exe
TASK_58.exe
PopupMenu.exe
Task_64.exe
Task_64.exe
Get Information.exe
Version_1.0.exe
Task_39_TypeOnEditor.exe
Task_40_ForwardSelect.exe
Task_41_BackwardSelect.exe
Task_42_ForwardBackwardSelect.exe
MyEditor_Version1.0.exe
MyEditor_Version1.0.exe
My_editor version 2.0.exe
MyEditor_Version3.0.exe
ExplicitClient.exe
StaticClient.exe
StaticClient.exe
Client.exe
StaticClient.exe
Menu.exe
MenuMessagesPrinting.exe
AcceptNumber.exe
BeforeMain.exe
BezierSplines.exe
Bound_Box_Drawing.exe
CharacterBreaker.c.exe
Clover.exe
Clover.exe
ColumnWisedPrinting.exe
DASHDOTDOT.exe
DASHDOTDOT.exe
DialogBoxChecking.exe
DrawGrid.exe
DrawingRandomShapesInFreeTime.exe
DrawingRandomShapesInFreeTime.exe
Draw_Rectangle.exe
Editor.exe
FileHandling.exe
FormatPrinting.exe
Info_Row_Col.exe
MouseLine.exe
MyEditor.exe
Pendulum.exe
Resources.exe
RowWisedPrinting.exe
slip1.vshost.exe
MYTask11.exe
Task 58.exe
TASK11.exe
Task11.exe
Task29(Version 2).exe
Task29(Version 2).exe
Task51(p1)(v2).exe
Task51(p1)(v2).exe
TimerBasic.exe
ToggleWindow.exe
Synchronization.exe
Version1.0.exe
