DynamicArray.c
structure.c
syntax.c
callingConvention.c
demo.c
envp.c
flushDemo.c
format_specifier.c
NumToText.c
file2.c
filehandling.c
get_display_info.c
fork.c
Paparameter.c
String.c
code1.c
code2.c
odd_even.c
sign.c
snnipets.c
snnipets1.c
Dangling.c
Dereferance.c
Polynimial.c
Sort.c
statement.c
file1.c
file2.c
functions.c
scope.c
snippets.c
string.c
linkedlist.c
nested.c
struct.c
c_demo.c
BinarySearchTree_1.0.c
doubly_circular.c
doubly_circular_definition.c
doubly.c
doubly_definition.c
search_functions.c
CreateBST.c
definition.c
priorityQueue.c
singly_circular.c
singly_circular_definition.c
search_functions.c
singly.c
singly_definitions.c
myclib.c
demo.c
smaco.c
string.c
DemoArray.c
ass1.c
ass2.c
ass3.c
PrimeNo_CompositeNo.c
defrag2.0.c
FileHandling.c
FileHand.c
operator.c
string.c
MsgBox.c
DoublyLinkedList.c
DoublyLinkedList.c
Graph.c
graph_v_2.0.c
SinglyLinkedList.c
queue.c
SinglyLinkedList.c
singlyCircular.c
SinglyLinkedList.c
BubbleSort.c
Sorting.c
stack.c
string.c
ascii.c
generic.c
unicode.c
defragmentation.c
graph.c
graph_2.0.c
graph_3.0.c
graph_4.0.c
Graph_3.0.c
Graph_Definition.c
graph_4.0.c
definition.c
Graph_5.0.c
definition.c
Graph_6.0.c
definition.c
Graph_6.0.c
Definitions_8.0.c
Graph_8.0.c
Definition_1.0.c
Graph_1.0.c
Definition_2.0.c
Def_2.0.c
Graph_2.0.c
Definition1_3.0.c
Definition2_3.0.c
Graph_3.0.c
logger.c
Tree_1.0.c
addr.c
chatting.c
copy.c
input.c
output.c
unlinkedFile.c
PrintOnSingleScreen.c
Count.c
CountOnClick.c
DrawingLinesOnWindow.c
BasicDrawingOfShapesOnWindow.c
BasicDrawingArcPieChord.c
DrawingStar.c
DrawingLatterByUsingSplines.c
DrawShapeAtATime.c
SolidPen.c
DashPen.c
PenWidth.c
My_Co_ordinate.c
Writing_on_center.c
SolidPen.c
DashDot.c
PenStyle.c
PenStyle.c
T21.c
Task22.c
t23.c
HatchBrush.c
HatchBrushFill.c
Black&WhiteClover.c
Clover.c
ColorfullClover.c
RandomRectangle.c
LockChecker.c
Caret.c
BgColor_At_Center.c
BgColor_Co_Ord.c
MovingCaret.c
editor.c
UseOfEdit.c
Menu.c
DialogBoxRadioButton.c
Dialog.c
information.c
ModelDialogBox.c
demo.c
editor.c
Editor.c
editor2.0.c
Editor.c
ExplicitClient.c
DllServer.c
StaticClient.c
DllServer.c
main.c
Definition.c
StaticClient.c
StaticServer.c
manualMenu.c
Menu.c
MenuMessagePrint.c
AcceptNumber.c
main.c
BezierCurve.c
rangoli.c
CharacterBreaker.c
clover.c
colPrinting.c
MessageBox.c
grid.c
RandomShapes.c
rectangle.c
Editior.c
FileHandling.c
FormatConverter.c
Home.c
InfoOfRowAndCol.c
mouse.c
myEditor.c
Number.c
myPaint.c
Pendulum.c
resource.c
rowPrinting.c
Count.c
Menu.c
Count.c
CountOnClick.c
CaretBlinkFast.c
Edit.c
menu.c
Tic_Toc_Toe.c
BasicTimer.c
ToggleWindow.c
Log.c
Synchronization.c
Attendance.c
